[debug] [2025-07-09T16:04:13.700Z] ----------------------------------------------------------------------
[debug] [2025-07-09T16:04:13.703Z] Command:       C:\Program Files\nodejs\node.exe C:\Users\bobho\AppData\Roaming\npm\node_modules\firebase-tools\lib\bin\firebase.js init
[debug] [2025-07-09T16:04:13.703Z] CLI Version:   14.9.0
[debug] [2025-07-09T16:04:13.703Z] Platform:      win32
[debug] [2025-07-09T16:04:13.704Z] Node Version:  v22.14.0
[debug] [2025-07-09T16:04:13.704Z] Time:          Wed Jul 09 2025 17:04:13 GMT+0100 (British Summer Time)
[debug] [2025-07-09T16:04:13.704Z] ----------------------------------------------------------------------
[debug] 
[debug] [2025-07-09T16:04:13.707Z] >>> [apiv2][query] GET https://firebase-public.firebaseio.com/cli.json [none]
[debug] [2025-07-09T16:04:13.750Z] > command requires scopes: ["email","openid","https://www.googleapis.com/auth/cloudplatformprojects.readonly","https://www.googleapis.com/auth/firebase","https://www.googleapis.com/auth/cloud-platform"]
[debug] [2025-07-09T16:04:13.750Z] > authorizing via signed-in user (rw830685@gmail.com)
[info] 
     ######## #### ########  ######## ########     ###     ######  ########
     ##        ##  ##     ## ##       ##     ##  ##   ##  ##       ##
     ######    ##  ########  ######   ########  #########  ######  ######
     ##        ##  ##    ##  ##       ##     ## ##     ##       ## ##
     ##       #### ##     ## ######## ########  ##     ##  ######  ########

You're about to initialize a Firebase project in this directory:

  C:\Users\bobho\food-scanner-app

[debug] [2025-07-09T16:04:14.017Z] <<< [apiv2][status] GET https://firebase-public.firebaseio.com/cli.json 200
[debug] [2025-07-09T16:04:14.017Z] <<< [apiv2][body] GET https://firebase-public.firebaseio.com/cli.json {"cloudBuildErrorAfter":1594252800000,"cloudBuildWarnAfter":1590019200000,"defaultNode10After":1594252800000,"minVersion":"3.0.5","node8DeploysDisabledAfter":1613390400000,"node8RuntimeDisabledAfter":1615809600000,"node8WarnAfter":1600128000000}
[info] 
=== Project Setup
[info] 
[info] First, let's associate this project directory with a Firebase project.
[info] You can create multiple project aliases by running firebase use --add, 
[info] but for now we'll just set up a default project.
[info] 
[debug] [2025-07-09T16:07:45.479Z] Checked if tokens are valid: false, expires at: 1743077906866
[debug] [2025-07-09T16:07:45.479Z] Checked if tokens are valid: false, expires at: 1743077906866
[debug] [2025-07-09T16:07:45.479Z] > refreshing access token with scopes: []
[debug] [2025-07-09T16:07:45.480Z] >>> [apiv2][query] POST https://www.googleapis.com/oauth2/v3/token [none]
[debug] [2025-07-09T16:07:45.480Z] >>> [apiv2][body] POST https://www.googleapis.com/oauth2/v3/token [omitted]
[debug] [2025-07-09T16:07:45.731Z] <<< [apiv2][status] POST https://www.googleapis.com/oauth2/v3/token 200
[debug] [2025-07-09T16:07:45.732Z] <<< [apiv2][body] POST https://www.googleapis.com/oauth2/v3/token [omitted]
[debug] [2025-07-09T16:07:45.739Z] >>> [apiv2][query] GET https://firebase.googleapis.com/v1beta1/projects pageSize=100
[debug] [2025-07-09T16:07:46.329Z] <<< [apiv2][status] GET https://firebase.googleapis.com/v1beta1/projects 200
[debug] [2025-07-09T16:07:46.329Z] <<< [apiv2][body] GET https://firebase.googleapis.com/v1beta1/projects [omitted]
[debug] [2025-07-09T16:08:37.419Z] ExitPromptError: User force closed the prompt with SIGINT
    at Interface.sigint (C:\Users\bobho\AppData\Roaming\npm\node_modules\firebase-tools\node_modules\@inquirer\core\dist\commonjs\lib\create-prompt.js:101:37)
    at Interface.emit (node:events:518:28)
    at Interface.emit (node:domain:489:12)
    at [_ttyWrite] [as _ttyWrite] (node:internal/readline/interface:1124:18)
    at ReadStream.onkeypress (node:internal/readline/interface:263:20)
    at ReadStream.emit (node:events:530:35)
    at ReadStream.emit (node:domain:489:12)
    at emitKeys (node:internal/readline/utils:370:14)
    at emitKeys.next (<anonymous>)
    at ReadStream.onData (node:internal/readline/emitKeypressEvents:64:36)
[error] 
[error] Error: An unexpected error has occurred.
